<?xml version="1.0" encoding="UTF-8"?>
<testsuite xmlns:xsi="http://www.w3.org/2001/XMLSchema-instance" xsi:noNamespaceSchemaLocation="https://maven.apache.org/surefire/maven-failsafe-plugin/xsd/failsafe-test-report-3.0.xsd" version="3.0" name="com.vivino.acceptance.runners.TestRunner" time="105.578" tests="3" errors="0" skipped="0" failures="1">
  <properties>
[...]
</properties>
  <testcase name="runScenario[&quot;Search Vivino page with Keyword &apos;Wine&apos;&quot;, &quot;Optional[Search Vivino Page]&quot;](1)" classname="com.vivino.acceptance.runners.TestRunner" time="43.712">
    <system-out><![CDATA[
@Search
Scenario Outline: Search Vivino page with Keyword 'Wine'       # src/test/resources/features/vivino-search-feature.feature:12
  Given user navigates to vivino website                       # com.vivino.acceptance.steps.VivinoSearchPageSteps.openSearchPage()
  When user searches "Wine" in search box                      # com.vivino.acceptance.steps.VivinoSearchPageSteps.userSearches(java.lang.String)
Total Search Results :20
  And user collects all wines results from search results      # com.vivino.acceptance.steps.VivinoSearchPageSteps.userCollects()
Searched Wine with Name 'Apothic Red (WineMaker'S Blend)' contains keyword 'Wine' in 'wineName'

    Searched Wine with Name 'Apothic Red (WineMaker'S Blend)' contains keyword 'Wine' in 'wineName'

Searched Wine with Name 'J. Lohr Vineyards & WineS Estates Seven Oaks Cabernet Sauvignon' contains keyword 'Wine' in 'wineName'

    Searched Wine with Name 'J. Lohr Vineyards & WineS Estates Seven Oaks Cabernet Sauvignon' contains keyword 'Wine' in 'wineName'

Searched Wine with Name 'Francis Ford Coppola WineRy Diamond Collection Cabernet Sauvignon' contains keyword 'Wine' in 'wineName'

    Searched Wine with Name 'Francis Ford Coppola WineRy Diamond Collection Cabernet Sauvignon' contains keyword 'Wine' in 'wineName'

Searched Wine with Name 'Stag'S Leap Wine Cellars ARTEMIS Cabernet Sauvignon' contains keyword 'Wine' in 'wineName'

    Searched Wine with Name 'Stag'S Leap Wine Cellars ARTEMIS Cabernet Sauvignon' contains keyword 'Wine' in 'wineName'

Searched Wine with Name '7 Deadly WineS Old Vine Zinfandel' contains keyword 'Wine' in 'wineName'

    Searched Wine with Name '7 Deadly WineS Old Vine Zinfandel' contains keyword 'Wine' in 'wineName'

Searched Wine with Name 'Michael David WineRy Freakshow Cabernet Sauvignon' contains keyword 'Wine' in 'wineName'

    Searched Wine with Name 'Michael David WineRy Freakshow Cabernet Sauvignon' contains keyword 'Wine' in 'wineName'

Searched Wine with Name 'Francis Ford Coppola WineRy Diamond Collection Claret' contains keyword 'Wine' in 'wineName'

    Searched Wine with Name 'Francis Ford Coppola WineRy Diamond Collection Claret' contains keyword 'Wine' in 'wineName'

Searched Wine with Name 'Michael David WineRy Petite Petit' contains keyword 'Wine' in 'wineName'

    Searched Wine with Name 'Michael David WineRy Petite Petit' contains keyword 'Wine' in 'wineName'

Searched Wine with Name 'H3 WineS Cabernet Sauvignon' contains keyword 'Wine' in 'wineName'

    Searched Wine with Name 'H3 WineS Cabernet Sauvignon' contains keyword 'Wine' in 'wineName'

Searched Wine with Name 'Decoy California Red Wine' contains keyword 'Wine' in 'wineName'

    Searched Wine with Name 'Decoy California Red Wine' contains keyword 'Wine' in 'wineName'

Searched Wine with Name 'Apothic White (WineMaker'S Blend)' contains keyword 'Wine' in 'wineName'

    Searched Wine with Name 'Apothic White (WineMaker'S Blend)' contains keyword 'Wine' in 'wineName'

Searched Wine with Name 'J. Lohr Vineyards & WineS Estates Riverstone Chardonnay' contains keyword 'Wine' in 'wineName'

    Searched Wine with Name 'J. Lohr Vineyards & WineS Estates Riverstone Chardonnay' contains keyword 'Wine' in 'wineName'

Searched Wine with Name 'Francis Ford Coppola WineRy Diamond Collection Merlot' contains keyword 'Wine' in 'wineName'

    Searched Wine with Name 'Francis Ford Coppola WineRy Diamond Collection Merlot' contains keyword 'Wine' in 'wineName'

Searched Wine with Name 'WineS From Hahn Estate Pinot Noir' contains keyword 'Wine' in 'wineName'

    Searched Wine with Name 'WineS From Hahn Estate Pinot Noir' contains keyword 'Wine' in 'wineName'

Searched Wine with Name 'Portada WineMaker'S Selection Tinto' contains keyword 'Wine' in 'wineName'

    Searched Wine with Name 'Portada WineMaker'S Selection Tinto' contains keyword 'Wine' in 'wineName'

Searched Wine with Name 'A To Z WineWorks Pinot Noir' contains keyword 'Wine' in 'wineName'

    Searched Wine with Name 'A To Z WineWorks Pinot Noir' contains keyword 'Wine' in 'wineName'

Searched Wine with Name 'Mount Veeder WineRy Cabernet Sauvignon' contains keyword 'Wine' in 'wineName'

    Searched Wine with Name 'Mount Veeder WineRy Cabernet Sauvignon' contains keyword 'Wine' in 'wineName'

Searched Wine with Name 'Casillero Del Diablo WineMaker'S Red Blend (Reserva)' contains keyword 'Wine' in 'wineName'

    Searched Wine with Name 'Casillero Del Diablo WineMaker'S Red Blend (Reserva)' contains keyword 'Wine' in 'wineName'

Searched Wine with Name 'Francis Ford Coppola WineRy Diamond Collection Monterey County Pinot Noir' contains keyword 'Wine' in 'wineName'

    Searched Wine with Name 'Francis Ford Coppola WineRy Diamond Collection Monterey County Pinot Noir' contains keyword 'Wine' in 'wineName'

Searched Wine with Name 'Blackstone Merlot (WineMaker'S Select)' contains keyword 'Wine' in 'wineName'

    Searched Wine with Name 'Blackstone Merlot (WineMaker'S Select)' contains keyword 'Wine' in 'wineName'

  Then user verifies whether results contains searched keyword # com.vivino.acceptance.steps.VivinoSearchPageSteps.verifyResults()
]]></system-out>
    <system-err><![CDATA[SLF4J: No SLF4J providers were found.
SLF4J: Defaulting to no-operation (NOP) logger implementation
SLF4J: See http://www.slf4j.org/codes.html#noProviders for further details.
Starting ChromeDriver 99.0.4844.51 (d537ec02474b5afe23684e7963d538896c63ac77-refs/branch-heads/4844@{#875}) on port 58989
Only local connections are allowed.
Please see https://chromedriver.chromium.org/security-considerations for suggestions on keeping ChromeDriver safe.
ChromeDriver was started successfully.
Mar 29, 2022 10:41:00 PM org.openqa.selenium.remote.ProtocolHandshake createSession
INFO: Detected dialect: W3C
Mar 29, 2022 10:41:00 PM org.openqa.selenium.devtools.CdpVersionFinder findNearestMatch
INFO: Found exact CDP implementation for version 99
]]></system-err>
  </testcase>
  <testcase name="runScenario[&quot;Search Vivino page with Keyword &apos;Vino&apos;&quot;, &quot;Optional[Search Vivino Page]&quot;](2)" classname="com.vivino.acceptance.runners.TestRunner" time="13.764">
    <system-out><![CDATA[
@Search
Scenario Outline: Search Vivino page with Keyword 'Vino'       # src/test/resources/features/vivino-search-feature.feature:13
  Given user navigates to vivino website                       # com.vivino.acceptance.steps.VivinoSearchPageSteps.openSearchPage()
  When user searches "Vino" in search box                      # com.vivino.acceptance.steps.VivinoSearchPageSteps.userSearches(java.lang.String)
Total Search Results :20
  And user collects all wines results from search results      # com.vivino.acceptance.steps.VivinoSearchPageSteps.userCollects()
Searched Wine with Name 'Cantina Zaccagnini Montepulciano D'Abruzzo (Il Vino Dal Tralcetto Riserva)' contains keyword 'Vino' in 'wineName'

    Searched Wine with Name 'Cantina Zaccagnini Montepulciano D'Abruzzo (Il Vino Dal Tralcetto Riserva)' contains keyword 'Vino' in 'wineName'

Searched Wine with Name 'Mascota Vineyards Unánime Gran Vino Tinto' contains keyword 'Vino' in 'wineName'

    Searched Wine with Name 'Mascota Vineyards Unánime Gran Vino Tinto' contains keyword 'Vino' in 'wineName'

Searched Wine with Name 'La Braccesca Vino Nobile Di Montepulciano' contains keyword 'Vino' in 'wineName'

    Searched Wine with Name 'La Braccesca Vino Nobile Di Montepulciano' contains keyword 'Vino' in 'wineName'

Searched Wine with Name 'Terre Da Vino Barolo' contains keyword 'Vino' in 'wineName'

    Searched Wine with Name 'Terre Da Vino Barolo' contains keyword 'Vino' in 'wineName'

Searched Wine with Name 'Fattoria Del Cerro Vino Nobile Di Montepulciano' contains keyword 'Vino' in 'wineName'

    Searched Wine with Name 'Fattoria Del Cerro Vino Nobile Di Montepulciano' contains keyword 'Vino' in 'wineName'

Searched Wine with Name 'Carpineto Vino Nobile Di Montepulciano Riserva' contains keyword 'Vino' in 'wineName'

    Searched Wine with Name 'Carpineto Vino Nobile Di Montepulciano Riserva' contains keyword 'Vino' in 'wineName'

Searched Wine with Name 'Lidl Vino Nobile Di Montepulciano' contains keyword 'Vino' in 'wineName'

    Searched Wine with Name 'Lidl Vino Nobile Di Montepulciano' contains keyword 'Vino' in 'wineName'

Searched Wine with Name 'Poliziano Vino Nobile Di Montepulciano' contains keyword 'Vino' in 'wineName'

    Searched Wine with Name 'Poliziano Vino Nobile Di Montepulciano' contains keyword 'Vino' in 'wineName'

Searched Wine with Name 'Cecchi Vino Nobile Di Montepulciano' contains keyword 'Vino' in 'wineName'

    Searched Wine with Name 'Cecchi Vino Nobile Di Montepulciano' contains keyword 'Vino' in 'wineName'

Searched Wine with Name 'Tini Vino Rosso D'Italia' contains keyword 'Vino' in 'wineName'

    Searched Wine with Name 'Tini Vino Rosso D'Italia' contains keyword 'Vino' in 'wineName'

Searched Wine with Name 'Avignonesi Vino Nobile Di Montepulciano' contains keyword 'Vino' in 'wineName'

    Searched Wine with Name 'Avignonesi Vino Nobile Di Montepulciano' contains keyword 'Vino' in 'wineName'

Searched Wine with Name 'Bottega Amarone Della Valpolicella Il Vino Degli Dei' contains keyword 'Vino' in 'wineName'

    Searched Wine with Name 'Bottega Amarone Della Valpolicella Il Vino Degli Dei' contains keyword 'Vino' in 'wineName'

Searched Wine with Name 'Tini Vino Bianco D'Italia' contains keyword 'Vino' in 'wineName'

    Searched Wine with Name 'Tini Vino Bianco D'Italia' contains keyword 'Vino' in 'wineName'

Searched Wine with Name 'Vecchia Cantina Vino Nobile Di Montepulciano' contains keyword 'Vino' in 'wineName'

    Searched Wine with Name 'Vecchia Cantina Vino Nobile Di Montepulciano' contains keyword 'Vino' in 'wineName'

Searched Wine with Name 'Trerose Vino Nobile Di Montepulciano' contains keyword 'Vino' in 'wineName'

    Searched Wine with Name 'Trerose Vino Nobile Di Montepulciano' contains keyword 'Vino' in 'wineName'

Searched Wine with Name 'Tavernello Vino Rosso D’Italia' contains keyword 'Vino' in 'wineName'

    Searched Wine with Name 'Tavernello Vino Rosso D’Italia' contains keyword 'Vino' in 'wineName'

Searched Wine with Name 'Bottega Brunello Di Montalcino Il Vino Dei Poeti' contains keyword 'Vino' in 'wineName'

    Searched Wine with Name 'Bottega Brunello Di Montalcino Il Vino Dei Poeti' contains keyword 'Vino' in 'wineName'

Searched Wine with Name 'Ruffino Tenuta Lodola Nuova Vino Nobile Di Montepulciano' contains keyword 'Vino' in 'wineName'

    Searched Wine with Name 'Ruffino Tenuta Lodola Nuova Vino Nobile Di Montepulciano' contains keyword 'Vino' in 'wineName'

Searched Wine with Name 'Vecchia Cantina Vino Nobile Di Montepulciano Riserva' contains keyword 'Vino' in 'wineName'

    Searched Wine with Name 'Vecchia Cantina Vino Nobile Di Montepulciano Riserva' contains keyword 'Vino' in 'wineName'

Searched Wine with Name 'Dei Vino Nobile Di Montepulciano' contains keyword 'Vino' in 'wineName'

    Searched Wine with Name 'Dei Vino Nobile Di Montepulciano' contains keyword 'Vino' in 'wineName'

  Then user verifies whether results contains searched keyword # com.vivino.acceptance.steps.VivinoSearchPageSteps.verifyResults()
]]></system-out>
  </testcase>
  <testcase name="runScenario[&quot;Search Vivino page with Keyword &apos;&lt;Search Keyword&gt;&apos;&quot;, &quot;Optional[Search Vivino Page]&quot;](3)" classname="com.vivino.acceptance.runners.TestRunner" time="45.571">
    <failure message="The following asserts failed:&#10;	Wine Name Mismatch expected [Cantina Zaccagnini Montepulciano D&apos;Abruzzo (Il Vino Dal Tralcetto Riserva)] but found [Cantina Zaccagnini Montepulciano d&apos;Abruzzo (Il Vino dal Tralcetto Riserva)]" type="java.lang.AssertionError"><![CDATA[java.lang.AssertionError: 
The following asserts failed:
	Wine Name Mismatch expected [Cantina Zaccagnini Montepulciano D'Abruzzo (Il Vino Dal Tralcetto Riserva)] but found [Cantina Zaccagnini Montepulciano d'Abruzzo (Il Vino dal Tralcetto Riserva)]
]]></failure>
    <system-out><![CDATA[
@Search
Scenario: Search Vivino page with Keyword '<Search Keyword>' # src/test/resources/features/vivino-search-feature.feature:15
  Given user navigates to vivino website                     # com.vivino.acceptance.steps.VivinoSearchPageSteps.openSearchPage()
  When user searches "Vino" in search box                    # com.vivino.acceptance.steps.VivinoSearchPageSteps.userSearches(java.lang.String)
Total Search Results :20
  And user collects all wines results from search results    # com.vivino.acceptance.steps.VivinoSearchPageSteps.userCollects()

    Waiting for Wine Details......

  And user clicks on any random wine from search             # com.vivino.acceptance.steps.VivinoSearchPageSteps.userClickOnAnyRandomWine()
  Then user validates attributes matches with search results # com.vivino.acceptance.steps.VivinoSearchPageSteps.matchWineAttributesWithSearch()
      java.lang.AssertionError: The following asserts failed:
	Wine Name Mismatch expected [Cantina Zaccagnini Montepulciano D'Abruzzo (Il Vino Dal Tralcetto Riserva)] but found [Cantina Zaccagnini Montepulciano d'Abruzzo (Il Vino dal Tralcetto Riserva)]
	at org.testng.asserts.SoftAssert.assertAll(SoftAssert.java:47)
	at org.testng.asserts.SoftAssert.assertAll(SoftAssert.java:31)
	at com.vivino.acceptance.steps.VivinoSearchPageSteps.matchWineAttributesWithSearch(VivinoSearchPageSteps.java:134)
	at ✽.user validates attributes matches with search results(file:///F:/Sample_Projects/vivino-sample-tests/src/test/resources/features/vivino-search-feature.feature:20)

]]></system-out>
  </testcase>
</testsuite>